2026-02-11T05:20:55 [INFO] test: hello from logging test
2026-02-11T05:32:57 [INFO] valutatrade.actions: 2026-02-11T05:32:57 action=TEST user_id=1 currency='BTC' amount=0.01 base='' result=OK details='changes details here'
2026-02-11T06:04:08 [INFO] valutatrade.actions: 2026-02-11T06:04:08 action=BUY user_id=1 currency='BTC' amount=0.01 base='' result=OK details='Изменения в портфеле:
- BTC: было 0.0550 → стало 0.0650
Оценочная стоимость покупки: 0.01 USD'
2026-02-11T06:04:45 [INFO] valutatrade.actions: 2026-02-11T06:04:45 action=SELL user_id=1 currency='BTC' amount=0.5 base='' result=ERROR error_type=InsufficientFundsError error_message='Недостаточно средств: доступно 0.0650 BTC, требуется 0.5000 BTC'
2026-02-11T06:04:59 [INFO] valutatrade.actions: 2026-02-11T06:04:59 action=SELL user_id=1 currency='BTC' amount=999999 base='' result=ERROR error_type=InsufficientFundsError error_message='Недостаточно средств: доступно 0.0650 BTC, требуется 999999.0000 BTC'
2026-02-11T14:35:46 [INFO] valutatrade.actions: 2026-02-11T14:35:46 action=BUY user_id=1 currency='BTC' amount=0.01 base='' result=OK details='Изменения в портфеле:
- BTC: было 0.0650 → стало 0.0750
Оценочная стоимость покупки: 0.01 USD'
2026-02-11T14:41:53 [INFO] valutatrade.actions: 2026-02-11T14:41:53 action=BUY user_id=1 currency='BTC' amount=0.01 base='' result=OK details='Изменения в портфеле:
- BTC: было 0.0750 → стало 0.0850
Оценочная стоимость покупки: 0.01 USD'
2026-02-11T14:42:04 [INFO] valutatrade.actions: 2026-02-11T14:42:04 action=SELL user_id=1 currency='BTC' amount=0.005 base='' result=OK details='Изменения в портфеле:
- BTC: было 0.0850 → стало 0.0800
Оценочная выручка: 0.01 USD'
2026-02-11T14:42:14 [INFO] valutatrade.actions: 2026-02-11T14:42:14 action=SELL user_id=1 currency='BTC' amount=999999 base='' result=ERROR error_type=InsufficientFundsError error_message='Недостаточно средств: доступно 0.0800 BTC, требуется 999999.0000 BTC'
2026-02-11T14:42:35 [INFO] valutatrade.actions: 2026-02-11T14:42:35 action=BUY user_id=1 currency='QQQ' amount=1 base='' result=ERROR error_type=CurrencyNotFoundError error_message='QQQ'
2026-02-11T14:45:15 [INFO] valutatrade.actions: 2026-02-11T14:45:15 action=BUY user_id=1 currency='BTC' amount=0.01 base='' result=OK details='Изменения в портфеле:
- BTC: было 0.0800 → стало 0.0900
Оценочная стоимость покупки: 0.01 USD'
2026-02-11T14:45:45 [INFO] valutatrade.actions: 2026-02-11T14:45:45 action=SELL user_id=1 currency='BTC' amount=0.005 base='' result=OK details='Изменения в портфеле:
- BTC: было 0.0900 → стало 0.0850
Оценочная выручка: 0.01 USD'
2026-02-11T14:45:56 [INFO] valutatrade.actions: 2026-02-11T14:45:56 action=SELL user_id=1 currency='BTC' amount=999999 base='' result=ERROR error_type=InsufficientFundsError error_message='Недостаточно средств: доступно 0.0850 BTC, требуется 999999.0000 BTC'
2026-02-11T14:46:11 [INFO] valutatrade.actions: 2026-02-11T14:46:11 action=BUY user_id=1 currency='QQQ' amount=1 base='' result=ERROR error_type=CurrencyNotFoundError error_message='QQQ'
